160 
4 441 286 93 97 
4 197 35 420 423 
4 196 333 28 190 
4 252 369 47 300 
4 33 326 165 482 
4 12 14 315 1 
4 256 306 299 421 
4 454 322 21 279 
4 330 492 358 352 
4 212 86 414 154 
4 17 189 7 334 
4 73 319 141 72 
4 266 337 64 170 
4 443 495 484 156 
4 158 11 462 120 
4 182 301 410 213 
4 113 261 111 166 
4 108 210 298 264 
4 155 221 234 0 
4 310 329 434 371 
4 48 448 52 451 
4 350 452 463 475 
4 486 38 376 439 
4 430 193 433 419 
4 181 445 187 208 
4 175 455 473 498 
4 199 396 409 405 
4 292 288 320 324 
4 277 273 271 356 
4 258 360 367 249 
4 240 236 385 231 
4 387 219 311 147 
4 499 19 60 61 
4 34 5 20 15 
4 407 400 447 283 
4 242 65 403 192 
4 23 328 188 399 
4 472 117 180 10 
4 177 412 467 201 
4 397 424 225 31 
4 422 294 230 99 
4 218 459 214 13 
4 302 105 71 235 
4 449 203 444 474 
4 336 91 55 388 
4 276 149 429 384 
4 90 362 431 364 
4 89 139 438 437 
4 3 263 497 375 
4 268 351 353 18 
4 427 392 121 8 
4 278 163 162 391 
4 442 394 348 159 
4 24 123 6 345 
4 280 269 289 285 
4 432 284 282 425 
4 274 80 81 79 
4 129 78 339 390 
4 347 56 54 44 
4 359 361 363 365 
3 50 46 372 
3 373 379 45 
3 341 395 295 
3 59 32 36 
3 76 304 307 
3 70 69 411 
3 40 29 41 
3 66 325 401 
3 332 267 25 
3 27 172 204 
3 200 106 198 
3 107 109 195 
3 112 114 115 
3 186 185 116 
3 174 119 104 
3 164 160 124 
3 153 152 151 
3 148 490 144 
3 128 138 494 
3 136 132 207 
3 468 95 16 
3 453 233 450 
3 237 22 446 
3 244 245 247 
3 92 251 378 
3 254 26 259 
3 226 377 101 
3 460 100 461 
3 217 456 37 
3 465 43 487 
3 386 488 489 
3 428 415 491 
3 4 485 440 
3 383 493 382 
3 381 380 30 
3 464 416 496 
3 436 2 413 
3 389 466 404 
3 435 469 402 
3 470 457 406 
3 408 458 471 
3 39 9 398 
3 476 42 477 
3 418 478 393 
3 479 480 481 
3 483 426 417 
3 314 374 255 
3 194 202 205 
3 206 209 211 
3 103 102 215 
3 216 220 222 
3 223 224 227 
3 228 229 232 
3 98 96 238 
3 239 241 243 
3 246 248 94 
3 110 191 184 
3 126 131 133 
3 134 135 137 
3 140 142 143 
2 145 146 
2 127 150 
2 125 183 
2 157 161 
2 122 167 
2 168 169 
2 171 173 
2 118 176 
2 178 179 
2 253 257 
2 370 260 
2 317 318 
2 67 321 
2 323 63 
2 62 327 
2 331 58 
2 335 57 
2 338 340 
2 342 343 
2 344 346 
2 349 354 
2 355 357 
2 53 51 
2 366 368 
2 49 316 
2 68 130 
2 287 88 
2 262 87 
2 265 85 
2 270 84 
2 272 83 
2 275 82 
2 281 290 
2 313 291 
2 293 296 
2 297 77 
2 75 74 
2 303 305 
2 308 309 
2 312 250 
