1628 
4 5357 5121 8148 6404 
4 421 2589 5913 6255 
4 5583 9906 8785 3629 
4 6584 7710 1737 3987 
4 7529 5231 2094 4386 
4 9487 5796 6735 8197 
4 1756 8754 2584 998 
4 2395 6655 2861 6312 
4 59 7923 7569 7704 
4 5515 9612 6632 7444 
4 8873 7262 8452 7796 
4 2489 5905 398 8407 
4 1729 820 604 6459 
4 9004 1248 7549 7064 
4 4848 8603 5886 8733 
4 8189 8437 9354 9529 
4 6839 9213 4449 1524 
4 4318 5744 4574 9483 
4 4100 6823 3904 4233 
4 3626 7108 8479 5416 
4 9620 1287 2545 6476 
4 9383 4004 3697 1396 
4 9131 5427 4041 2061 
4 973 370 3015 847 
4 9247 4863 2155 4644 
4 7792 6668 3135 4631 
4 2222 1492 9618 5363 
4 2752 7168 2687 5570 
4 2843 44 453 2117 
4 8284 1561 7100 8775 
4 3505 461 9765 3295 
4 4036 1423 8287 2932 
4 6640 8004 8854 1385 
4 3273 8591 5616 3715 
4 2345 5918 2096 9813 
4 6639 3420 674 1556 
4 5090 7936 2331 4695 
4 666 2935 5251 6762 
4 3825 2598 9959 1677 
4 4147 1081 1114 6756 
4 5001 5592 8384 8689 
4 8119 6196 7525 9818 
4 1388 5989 864 4106 
4 948 683 6613 3942 
4 5526 9888 8911 8320 
4 4194 5083 9128 5211 
4 4473 3149 5052 7369 
4 8585 8777 2459 936 
4 7515 2819 132 2968 
4 4670 7819 7577 2246 
4 3484 962 7863 876 
4 8240 8814 7939 2723 
4 7368 8837 752 9256 
4 8991 3457 8392 110 
4 7208 7290 3176 7950 
4 7101 2728 371 2196 
4 8636 684 2212 281 
4 9267 8641 4808 5791 
4 6240 2499 63 5602 
4 9614 3656 714 7259 
4 4090 2475 2064 9019 
4 1101 9894 4916 5651 
4 3678 1013 7834 1491 
4 839 3765 3024 2548 
4 5048 7945 6170 7198 
4 4961 4405 5945 1115 
4 1004 1071 9965 7937 
4 4685 2124 1233 3302 
4 4579 8152 3272 3795 
4 9986 5042 3647 7104 
4 6677 9295 2141 384 
4 2008 2070 7927 1734 
4 4702 5101 7135 6782 
4 5773 6495 854 1707 
4 2115 8058 4430 336 
4 1164 1214 5046 7201 
4 2080 7540 4957 4788 
4 5214 4917 2558 443 
4 2922 8639 7409 8063 
4 1341 7896 3499 5653 
4 7825 7202 6702 976 
4 49 7961 9307 4886 
4 1830 6381 1146 4964 
4 3463 7313 4509 6176 
4 9568 818 4983 82 
4 3792 6107 5295 8612 
4 5772 3047 7757 7595 
4 3940 5982 4874 4135 
4 3607 2727 3096 5713 
4 2274 2228 9305 8338 
4 3896 2964 6252 636 
4 3566 3228 1353 8485 
4 7136 3309 8608 4322 
4 1210 7305 887 5310 
4 6168 1851 4240 3293 
4 7543 6550 9433 71 
4 4925 8322 7516 4406 
4 1988 6935 9129 1203 
4 8745 7551 9866 4940 
4 1671 5625 1955 9795 
4 7145 4185 1812 9527 
4 7 8116 3437 4141 
4 5383 47 4131 5219 
4 7579 594 7326 3114 
4 2456 8465 1450 1322 
4 8851 9552 4167 4235 
4 7359 2259 4637 3142 
4 3042 9 7231 766 
4 1094 1713 4655 5006 
4 1742 5652 3686 1934 
4 9690 7583 9539 2686 
4 532 5873 4561 7715 
4 5494 2962 4074 9525 
4 3844 9263 8803 4657 
4 8553 2481 3072 727 
4 723 1050 7083 1895 
4 4847 4475 4112 6129 
4 6957 9917 7447 3357 
4 4102 9532 8250 2759 
4 9235 8387 4374 2982 
4 7088 62 2293 2736 
4 7196 8736 8332 3519 
4 1946 3196 954 7308 
4 7648 7032 213 8375 
4 859 8010 4320 9946 
4 9196 9063 6547 1591 
4 5163 2045 1418 5777 
4 1724 4076 2726 6882 
4 7725 8193 4619 6611 
4 2342 5904 2060 3337 
4 8767 3689 9106 2652 
4 6178 850 1568 992 
4 4402 2340 9119 5172 
4 8644 2544 3155 1433 
4 4912 4638 9966 4490 
4 4995 3170 6558 9747 
4 2642 1621 3672 2085 
4 3648 3775 2749 586 
4 201 8626 3757 9576 
4 5729 120 9344 8601 
4 5686 3542 7851 6534 
4 6913 6038 7451 7494 
4 3781 2828 4139 3257 
4 7643 6571 8478 4550 
4 774 7148 8397 5931 
4 6567 8138 3889 5156 
4 7814 7464 7545 2628 
4 9542 3593 8186 1763 
4 403 2323 6134 676 
4 4244 9302 2862 328 
4 4150 2870 4058 3376 
4 6537 7862 3112 3475 
4 2795 9151 2300 9275 
4 2308 18 9713 8997 
4 8865 7079 6927 9559 
4 58 4959 6467 8187 
4 2814 4390 5081 2213 
4 1383 2036 7316 4044 
4 8267 9900 5366 8233 
4 8242 3451 3840 3869 
4 8115 3708 4480 8259 
4 7445 8506 7703 1711 
4 7166 6147 6171 5609 
4 9528 5845 2123 8849 
4 8616 7673 778 3842 
4 446 9873 8079 1160 
4 2305 9243 9320 2160 
4 11 2267 1936 1839 
4 1049 5540 3526 8094 
4 3583 1136 5096 4837 
4 2313 8430 245 8101 
4 2243 654 3126 2023 
4 333 6050 6359 8167 
4 6123 9605 1552 5359 
4 9514 1509 7944 3913 
4 7267 5324 5136 2985 
4 4284 3950 9921 7726 
4 8509 2944 9374 5854 
4 8036 4551 7385 7953 
4 8286 687 373 6777 
4 4902 6580 6300 7008 
4 2282 2920 2535 1767 
4 5209 3745 3106 9784 
4 4498 7522 8367 6842 
4 706 1231 7466 9289 
4 3899 3632 3618 1845 
4 6481 2674 7922 1427 
4 3253 2817 9340 65 
4 6060 2203 9856 5665 
4 8348 9283 7026 5600 
4 8701 6989 4690 2718 
4 177 6985 9722 9942 
4 7700 9732 463 7756 
4 8026 3002 593 2994 
4 5622 9111 4151 4965 
4 5919 3083 1359 7920 
4 8346 8563 4516 8697 
4 7050 2572 1996 8721 
4 8047 780 6638 2941 
4 6582 9691 1096 8834 
4 1817 3229 6313 7212 
4 9649 1357 6329 9252 
4 2619 8253 745 1085 
4 9778 2364 1336 1372 
4 9366 2571 4137 3485 
4 4951 7209 522 5962 
4 4582 9443 6316 8839 
4 3356 6363 9779 2009 
4 2802 103 717 1861 
4 9751 8477 251 6602 
4 565 2112 6477 709 
4 4352 4351 67 3368 
4 2647 6426 2351 5909 
4 8811 5891 9123 6994 
4 8199 7119 9154 9365 
4 3443 2905 1340 9124 
4 5793 7629 3089 257 
4 4259 645 6 7981 
4 2536 8751 1976 8614 
4 5492 171 214 7671 
4 332 1510 6415 1202 
4 3379 4884 9585 7330 
4 9325 1787 2095 4357 
4 4293 3496 7911 1344 
4 9546 7489 4477 9629 
4 1701 9806 4134 8947 
4 2162 3214 5239 60 
4 3062 3308 5593 1820 
4 5544 9968 4557 188 
4 1001 6666 2957 4867 
4 9363 8200 8163 8923 
4 8501 1717 750 877 
4 6914 9974 8529 8835 
4 9511 9930 5149 5330 
4 5244 4222 8779 1740 
4 6956 5236 7934 5518 
4 5733 8003 1975 5991 
4 7057 5332 6297 6342 
4 1505 4711 7391 2776 
4 4727 7613 4977 9545 
4 321 1800 8651 8658 
4 1564 1351 7677 296 
4 1364 3730 1883 2575 
4 924 9166 3750 8431 
4 4696 7415 4331 6188 
4 8040 7439 5758 5529 
4 7344 4572 5970 1249 
4 2245 9962 7153 3120 
4 1965 791 8915 1747 
4 9419 1522 8990 7210 
4 7647 9426 7699 2509 
4 4161 5808 5028 8449 
4 3579 9550 4717 8168 
4 5131 4415 5835 7972 
4 6738 3473 5488 1743 
4 5683 8579 8056 8418 
4 1714 767 3655 7824 
4 9271 2573 96 2043 
4 1061 5728 9397 6616 
4 6042 5074 9341 2265 
4 6273 6419 55 1673 
4 6627 9569 301 7250 
4 3087 902 8866 8607 
4 8470 1523 6144 8548 
4 5720 264 1200 2952 
4 631 3845 3830 1889 
4 773 385 797 6742 
4 3834 3223 9626 9853 
4 9566 7524 1636 197 
4 8625 1178 4870 8702 
4 3167 1508 9572 2089 
4 9797 5155 2809 8487 
4 6410 5553 6226 6309 
4 3306 6377 4960 407 
4 2055 8132 3978 8659 
4 4367 6336 3137 9048 
4 8183 1810 7567 7436 
4 9250 7748 1476 3905 
4 5375 5864 7155 4600 
4 6192 3673 4649 730 
4 3557 2612 5610 1948 
4 4524 2486 1228 6384 
4 278 3271 1998 4079 
4 9718 3791 3870 8671 
4 9689 4043 4861 6058 
4 9952 4200 875 6769 
4 6028 8707 9265 9843 
4 8940 9746 6747 2353 
4 6198 3001 283 5308 
4 3857 9871 1429 1912 
4 3944 3 5476 7253 
4 6010 8172 1483 2912 
4 85 9078 6662 7302 
4 5170 432 7412 8677 
4 3997 7443 8297 1140 
4 2000 8204 9507 3367 
4 1040 263 836 1587 
4 4527 915 7880 4179 
4 8453 1853 4532 4706 
4 884 6578 9755 7118 
4 3278 3028 6146 7095 
4 7103 6981 4469 2927 
4 6012 4607 6483 1720 
4 8442 8683 5207 5203 
4 3022 8670 9695 6320 
4 5849 6110 995 3885 
4 7978 513 7696 3728 
4 5803 7617 8964 7618 
4 6757 2585 634 1821 
4 3508 464 1378 7319 
4 1224 8722 7603 1037 
4 8929 4883 3518 4617 
4 1253 6370 4474 2877 
4 4565 7296 9908 7861 
4 3037 4307 5197 8932 
4 1073 3561 3877 8750 
4 6444 3736 5174 6498 
4 1708 1681 9464 1923 
4 8692 4871 3362 9359 
4 1684 3375 1542 3248 
4 4786 5785 8895 7759 
4 1526 2939 1117 7536 
4 2627 1484 2937 5902 
4 4439 4038 8524 559 
4 1116 9599 137 1154 
4 1152 2488 520 3892 
4 7870 4361 1571 8328 
4 4292 9880 5278 3511 
4 8874 8956 5462 6367 
4 6296 4521 4975 8466 
4 8637 5823 7678 9197 
4 3853 2798 2592 7823 
4 6656 7178 5341 1261 
4 5547 1833 9769 916 
4 3055 5839 9849 6231 
4 3107 3544 7041 5705 
4 9907 6605 6577 1361 
4 6965 4946 2566 6220 
4 970 4668 7463 9425 
4 5941 56 1712 8527 
4 2600 17 172 174 
4 9961 5378 1726 7255 
4 9984 6938 2185 5441 
4 5998 5548 7238 7215 
4 529 7130 846 5503 
4 6389 2368 760 10 
4 5250 6715 145 8516 
4 3769 3050 9014 4604 
4 9350 7363 688 3746 
4 4663 1234 844 9092 
4 8363 1765 5563 6856 
4 451 2106 3969 5446 
4 1430 5151 8931 7740 
4 1570 3516 738 4731 
4 297 9168 1601 208 
4 5271 1122 3134 2716 
4 525 5649 6583 8714 
4 6752 923 6540 1487 
4 5325 5118 6364 6526 
4 9895 1197 7218 9597 
4 912 6266 9741 556 
4 2766 6205 1827 5579 
4 7778 2165 7624 6133 
4 3540 9161 7149 164 
4 926 139 9121 8239 
4 4093 1963 2407 3104 
4 9450 117 2295 8081 
4 6396 8673 7558 3258 
4 4491 8833 4990 2007 
4 2221 9182 2649 9214 
4 7518 5007 8059 5017 
4 2484 5013 1648 8161 
4 1589 5948 4230 211 
4 4627 8824 5574 8650 
4 6451 8044 7499 9246 
4 3674 5899 7839 9594 
4 5627 2804 9390 6052 
4 7152 5875 8198 3691 
4 7692 2309 6149 480 
4 8293 7346 628 5056 
4 4126 2879 8617 2127 
4 87 2848 642 7204 
4 7983 9135 1010 2555 
4 6680 9719 1825 7318 
4 3276 6623 6102 1015 
4 3029 6721 9490 3932 
4 2836 2590 8247 2125 
4 6157 7752 8609 3828 
4 8653 8305 5879 2811 
4 656 7151 6645 7278 
4 6215 3608 9588 1735 
4 6036 1866 597 9776 
4 178 7954 289 1847 
4 4555 8606 9580 9414 
4 3973 900 2872 9471 
4 6731 1876 4859 3677 
4 2516 5513 6193 3480 
4 3692 1943 206 1620 
4 9286 28 6256 4650 
4 5487 3239 7375 1856 
4 1464 1159 5824 4671 
4 8652 2538 9852 931 
4 5815 2226 1056 1393 
4 6350 8578 9499 590 
4 4170 6685 8134 1311 
4 9382 6703 1632 6531 
4 4522 4573 1819 3891 
4 3808 3527 9276 2697 
4 5061 1205 8258 4496 
4 3092 6111 1129 8434 
4 6152 7764 2999 5058 
4 7888 4792 834 5559 
4 3132 5981 6741 8537 
4 2732 124 6443 6984 
4 4054 8468 1994 151 
4 6206 307 1260 1877 
4 6053 53 5094 7875 
4 7105 8342 1718 4933 
4 1874 9637 9407 7475 
4 8684 3895 9238 4725 
4 6228 236 9241 3573 
4 1642 589 142 1562 
4 8967 9799 2705 7734 
4 2190 290 1888 7542 
4 4997 4611 3980 9748 
4 7512 9165 6306 4055 
4 2091 7413 4814 4857 
4 7777 9675 2428 1884 
4 7610 5371 7884 5418 
4 4865 9730 4661 4442 
4 9326 1704 9714 4091 
4 2490 6932 9530 4592 
4 4636 9761 7219 4692 
4 4774 7993 9864 253 
4 6628 6651 8907 7361 
4 8032 9602 8035 6676 
4 3297 5710 9376 4989 
4 6849 2765 2020 1445 
4 4703 5644 6155 4875 
4 7659 7406 540 2241 
4 7286 5794 1837 648 
4 6557 2854 735 5517 
4 3558 5044 3924 3912 
4 4363 4381 1282 5235 
4 362 4066 4716 1440 
4 3945 7090 6326 9896 
4 3839 2565 5035 3802 
4 3654 9523 4926 4187 
4 7662 4506 2887 7841 
4 9976 6827 2254 8123 
4 8176 7526 898 4904 
4 5671 7594 2400 6365 
4 1023 1595 7003 5020 
4 9016 6733 4656 7074 
4 8423 3553 4771 2461 
4 3531 4089 6976 7733 
4 2806 7382 9650 5916 
4 8241 4410 1598 534 
4 6794 6380 9922 6366 
4 3567 3498 4064 2081 
4 5389 4773 1406 5474 
4 358 1339 6289 7037 
4 2457 2006 1467 6673 
4 8333 3422 5530 4559 
4 6436 9368 8597 7374 
4 7683 1533 7356 1723 
4 4412 1332 5205 9453 
4 5355 9220 2320 7432 
4 9456 5336 5898 210 
4 404 2375 3760 6076 
4 8861 9988 6800 1471 
4 6988 7914 147 4879 
4 3906 960 8432 9848 
4 2783 6361 622 489 
4 8019 689 1584 33 
4 2907 6857 4495 1422 
4 6778 8889 9468 4720 
4 7821 5489 4478 9879 
4 909 8715 3323 146 
4 5178 6490 1609 5457 
4 8376 6514 4375 3718 
4 8938 7943 4639 8648 
4 4011 3704 2389 7818 
4 6528 2462 2381 9043 
4 5633 8153 3145 7785 
4 7768 5551 5086 7419 
4 7534 4766 7426 1021 
4 5869 8898 7310 9684 
4 2874 6784 8894 9192 
4 9561 4452 737 7530 
4 2401 5856 2398 3244 
4 8043 7249 9726 7230 
4 9361 3617 3582 8150 
4 8823 8845 1529 396 
4 3882 3595 9703 2260 
4 7175 7592 3914 9072 
4 6340 6016 4057 150 
4 5776 3299 3352 9631 
4 8954 4953 6585 3983 
4 1512 1930 3559 2129 
4 5467 8299 7917 4026 
4 6870 1922 6208 5901 
4 3153 1952 9122 3966 
4 5461 9222 835 39 
4 5920 5380 8325 5255 
4 8425 5865 7990 6202 
4 635 9971 8679 198 
4 7013 9143 5085 3371 
4 7116 4907 4202 8746 
4 3985 5832 2191 7770 
4 6834 1886 3749 7454 
4 8712 9429 4467 1090 
4 5522 4823 6466 947 
4 6649 3339 8238 9062 
4 5724 7596 9667 512 
4 7956 804 7966 359 
4 5531 3075 9549 3188 
4 7010 9221 8682 5556 
4 32 9802 7480 6724 
4 4124 5615 3129 2134 
4 9734 9606 3136 3564 
4 7689 1822 9183 9828 
4 711 4704 9091 1507 
4 8519 149 3428 7221 
4 7220 678 6421 1347 
4 6184 4640 2277 9868 
4 6700 4887 4016 3011 
4 1761 3811 45 5908 
4 2924 7809 5896 5756 
4 7876 6873 2148 2167 
4 170 2343 2707 300 
4 1256 4208 6705 6243 
4 7970 3322 1100 6574 
4 9173 7731 8276 7186 
4 4514 3991 6160 5451 
4 6264 3641 4465 9096 
4 5566 6811 5584 313 
4 3694 6446 5047 0 
4 2024 8196 7964 849 
4 8632 8263 1382 2467 
4 2198 9573 5164 8562 
4 6248 6203 9459 611 
4 2278 471 3121 5939 
4 3020 3724 6637 8264 
4 5166 2495 4335 5954 
4 5277 7984 1047 2672 
4 4949 1908 8752 9752 
4 6659 4708 6681 6553 
4 6903 9978 8908 8517 
4 8027 1044 6726 9996 
4 8133 7975 6015 9987 
4 7386 2983 5657 4659 
4 9891 7424 6942 9299 
4 1199 6522 6596 1174 
4 9583 1157 5860 2367 
4 8711 1179 3818 7425 
4 1181 9210 8801 2875 
4 1569 4215 9328 5947 
4 4340 9068 3681 4992 
4 5240 5040 6648 5721 
4 541 2337 6017 3203 
4 1411 4511 7727 9633 
4 1593 3412 3226 9038 
4 5362 5449 3127 1106 
4 433 6112 7384 708 
4 6022 562 6719 2062 
4 7521 4790 8143 3517 
4 5173 5836 9836 7509 
4 8222 5763 7500 5813 
4 6246 6478 1616 8160 
4 825 8210 4286 2702 
4 3894 9721 4419 4456 
4 1381 3563 1840 5536 
4 2506 3031 514 1668 
4 4206 8696 2025 204 
4 5157 2296 8667 7555 
4 8863 8864 5496 6351 
4 8202 8413 9486 4052 
4 8828 2601 355 1768 
4 7877 889 1751 3105 
4 608 4359 8336 4958 
4 6492 968 5730 1400 
4 8139 2120 6713 8810 
4 2437 9935 6275 6280 
4 9920 1535 4188 4742 
3 2954 70 8031 
3 5198 3596 6864 
3 8977 1409 2329 
3 4092 5872 6051 
3 7751 8876 9995 
3 8006 465 1012 
3 3330 2159 6960 
3 5368 4228 9198 
3 3004 4943 6263 
3 3809 1843 1321 
3 240 3972 234 
3 4801 2578 919 
3 3235 3657 955 
3 7633 9269 4858 
3 2033 530 8919 
3 9418 6576 7729 
3 2746 9187 3311 
3 8454 1640 5082 
3 5606 7924 456 
3 1062 431 9600 
3 430 9716 5751 
3 4000 7397 3926 
3 270 131 7614 
3 9028 8089 9768 
3 9519 8215 8137 
3 9699 1750 6097 
3 5208 372 3939 
3 1330 4046 978 
3 2949 6698 7995 
3 2786 500 6964 
3 1939 9446 620 
3 9332 2193 6008 
3 2661 97 2762 
3 9201 9767 2604 
3 8401 1980 7170 
3 673 4534 3956 
3 7663 1744 6161 
3 439 5191 8447 
3 9431 9584 9538 
3 2632 9086 4301 
3 4796 2072 1259 
3 6761 6003 9656 
3 136 1036 2977 
3 5986 6890 8822 
3 885 7407 4942 
3 6824 2102 7991 
3 5482 2514 6844 
3 6835 2772 4221 
3 9398 5245 2694 
3 9944 8180 7457 
3 1796 3212 1519 
3 4798 6565 1475 
3 2713 3590 1649 
3 956 2595 3280 
3 2074 8568 8252 
3 1961 183 8326 
3 24 6352 4104 
3 6137 2399 9413 
3 1318 8435 8383 
3 3370 37 4238 
3 4387 6121 7895 
3 7881 4502 9075 
3 7674 7800 8859 
3 86 9855 3344 
3 3060 5666 5732 
3 9083 8037 1694 
3 6887 6450 2207 
3 4777 1279 3793 
3 6463 6809 5752 
3 4635 6197 2953 
3 2297 6302 7554 
3 457 7461 5994 
3 7471 2891 7586 
3 2881 1546 4783 
3 9036 3822 4839 
3 1983 756 487 
3 7410 5168 8314 
3 5897 4248 7320 
3 3364 1755 8900 
3 7357 4358 6963 
3 602 7724 1538 
3 7362 4400 6959 
3 7812 6972 4595 
3 3543 9009 458 
3 8815 9035 9094 
3 7094 8766 3951 
3 5024 4116 7206 
3 2210 3052 6915 
3 4434 9137 2903 
3 3141 2149 6471 
3 335 4399 8093 
3 2144 6311 9047 
3 8930 2596 4596 
3 7387 8353 2608 
3 3875 3347 9838 
3 2741 9215 9578 
3 4504 2956 8486 
3 2785 6506 221 
3 6332 2028 801 
3 462 392 3021 
3 4339 6353 2610 
3 1536 1371 9564 
3 9114 6127 7078 
3 7889 2837 1161 
3 6925 1688 2892 
3 7602 3651 40 
3 4994 3789 5628 
3 5066 4069 6448 
3 7850 9659 2859 
3 6818 1678 2469 
3 6175 725 4877 
3 4736 802 9820 
3 5233 3887 8663 
3 2412 9709 6232 
3 6148 2059 1453 
3 168 5181 31 
3 4982 8737 9993 
3 4688 8543 9651 
3 842 840 1009 
3 1778 8028 739 
3 4291 9394 7694 
3 6944 7959 502 
3 2683 8438 5106 
3 6229 7557 5125 
3 2685 6328 2307 
3 1426 7859 7632 
3 4097 9678 8022 
3 9540 5128 6699 
3 639 6725 402 
3 3318 1220 152 
3 9015 3012 78 
3 8426 4549 2169 
3 5817 343 9595 
3 511 2101 4488 
3 1959 325 615 
3 644 9223 3841 
3 7960 8576 393 
3 5719 7742 1869 
3 7395 229 4567 
3 2950 5558 8804 
3 1043 9489 5631 
3 613 5959 4689 
3 6473 4787 5422 
3 5190 8643 9227 
3 6034 4031 8950 
3 4099 7423 7971 
3 2388 34 848 
3 5882 793 7803 
3 5676 68 8256 
3 4855 9957 1165 
3 1377 6315 4880 
3 1979 7697 7631 
3 3555 6952 3743 
3 2242 7532 953 
3 2472 1080 7314 
3 726 4826 1807 
3 8097 3903 7994 
3 8903 3123 3679 
3 6746 6005 640 
3 252 5881 3515 
3 4723 1167 7430 
3 6225 7581 6452 
3 9892 467 5443 
3 7132 5731 5850 
3 1270 13 4969 
3 3698 1892 413 
3 579 20 305 
3 9887 4811 9274 
3 3509 8571 8398 
3 5951 76 6357 
3 2215 5212 4298 
3 1502 2002 9475 
3 153 2304 2164 
3 7176 2137 6922 
3 1590 7666 8629 
3 4047 477 860 
3 2669 3396 3621 
3 5863 57 9280 
3 4267 7496 4750 
3 346 7826 2929 
3 6674 5950 6563 
3 6189 6291 4173 
3 740 6046 6479 
3 6095 4078 3665 
3 4451 7951 4554 
3 2527 3581 5161 
3 4246 3246 4922 
3 7036 5146 8212 
3 4245 1586 2019 
3 193 7906 9337 
3 293 2432 1549 
3 7713 3233 395 
3 4679 649 5829 
3 4279 1369 4155 
3 2898 414 2629 
3 2358 1953 2232 
3 9524 6740 1276 
3 8821 8986 6210 
3 5346 7252 6104 
3 5026 2799 3146 
3 3761 6544 9065 
3 83 9830 7804 
3 8206 1416 3902 
3 8456 7024 949 
3 7565 4249 3449 
3 937 4662 2533 
3 7194 1084 2634 
3 4747 2531 4314 
3 4030 3261 2751 
3 9526 1194 3161 
3 1650 6244 4311 
3 9157 1504 868 
3 5895 9234 3482 
3 554 9313 3838 
3 568 2824 1286 
3 3504 8498 4537 
3 3431 8675 3748 
3 4856 8229 4653 
3 2668 1516 444 
3 3773 7653 7743 
3 7197 6630 9543 
3 2529 9294 1793 
3 5200 3806 5714 
3 7236 7813 9105 
3 6270 5387 16 
3 23 3263 6664 
3 1118 2303 8440 
3 6294 4767 3174 
3 9488 4176 7018 
3 9810 9692 4398 
3 1250 9333 1532 
3 1032 982 5401 
3 7490 1031 3930 
3 5672 1514 9635 
3 3332 7963 8277 
3 3911 1527 9458 
3 4501 2047 6258 
3 8965 9496 4328 
3 8355 8201 4892 
3 5237 675 6245 
3 9680 6828 7559 
3 8642 4001 1986 
3 4841 6612 8952 
3 6920 7150 9551 
3 1201 1296 4914 
3 4623 3316 2442 
3 9958 1891 1452 
3 4578 3125 5059 
3 1618 9260 5834 
3 6510 8654 5980 
3 3880 8727 9085 
3 3513 1027 2264 
3 6852 5373 6962 
3 6744 8179 6569 
3 2422 6693 2143 
3 1606 499 9251 
3 6494 6822 9711 
3 3824 2671 4935 
3 8289 6430 2712 
3 4713 5175 8729 
3 5199 5769 365 
3 3747 4447 5043 
3 459 9022 7761 
3 4898 4144 858 
3 3407 7622 8067 
3 9002 5641 8918 
3 4605 3099 4164 
3 8177 9149 9858 
3 6093 4775 225 
3 5097 5400 6604 
3 9655 8808 8981 
3 115 7237 7957 
3 8897 7828 4095 
3 30 3570 2328 
3 9272 7418 8593 
3 3147 8235 4407 
3 185 6600 1058 
3 6846 123 1898 
3 9624 3274 9985 
3 8567 9611 8382 
3 1806 6130 9181 
3 3547 2335 7849 
3 1951 4562 7600 
3 2402 6118 5098 
3 7190 94 2570 
3 7721 1978 6002 
3 1865 8472 6126 
3 6398 6727 6766 
3 7048 5831 2946 
3 5471 3355 6851 
3 1669 1110 8756 
3 4156 576 6323 
3 1132 9073 8108 
3 6590 4482 4558 
3 2235 8978 2240 
3 1639 4546 8340 
3 5077 6472 7665 
3 9927 4840 2205 
3 7315 6078 2466 
3 4325 8388 6090 
3 8806 7868 8753 
3 5442 9771 7616 
3 6899 2046 7899 
3 7247 4694 8393 
3 6993 4197 7273 
3 7127 2220 7085 
3 6669 9745 7329 
3 2333 3615 6304 
3 5019 4804 7634 
3 9338 896 5041 
3 1835 8129 1288 
3 2582 3587 2591 
3 473 9859 6711 
3 9613 5505 8372 
3 7693 6223 5944 
3 8734 4489 7805 
3 3078 8572 3883 
3 6524 1754 5812 
3 4564 1848 2105 
3 516 8640 2911 
3 2216 3506 6774 
3 899 7460 1774 
3 160 2294 1271 
3 5323 1266 22 
3 5621 5702 7815 
3 101 5613 9948 
3 9603 1137 143 
3 8573 6560 1849 
3 5800 3878 3324 
3 6356 3664 5460 
3 9013 1192 5189 
3 6739 1212 3884 
3 3265 2549 2234 
3 7275 4172 6671 
3 6990 6697 419 
3 2730 9877 1313 
3 5140 9003 8021 
3 3038 5276 2199 
3 1653 8996 8994 
3 9134 2237 1086 
3 7491 2754 4746 
3 3281 3439 6803 
3 2136 4312 3933 
3 7121 7123 4308 
3 8773 4255 3097 
3 1699 2390 2781 
3 3402 6581 417 
3 5268 558 906 
3 5397 2793 9029 
3 4217 3578 3849 
3 2453 9744 7931 
3 5171 9261 6064 
3 6063 7686 9679 
3 5134 753 5903 
3 5426 1480 6414 
3 4196 2016 4918 
3 1461 8716 2852 
3 5598 4136 8411 
3 6595 6831 7510 
3 4394 9008 6636 
3 1170 5234 5523 
3 4599 2289 1488 
3 8084 6035 9844 
3 381 9230 1656 
3 550 6023 3782 
3 2268 9194 1127 
3 3873 796 2417 
3 4818 8049 4613 
3 7786 3491 8166 
3 6096 1783 5246 
3 6520 472 9759 
3 8789 3817 8464 
3 159 828 8759 
3 1093 2444 5253 
3 4678 9901 219 
3 3131 7233 6261 
3 2621 3888 1624 
3 6132 8793 8316 
3 4630 7117 2775 
3 2951 2406 1172 
3 3381 7400 1665 
3 133 7903 845 
3 1985 6227 6529 
3 5736 4094 7309 
3 4910 8539 5770 
3 1814 217 2334 
3 3783 3442 6373 
3 1867 7684 279 
3 1404 6517 1627 
3 3334 8987 2731 
3 2068 3300 3965 
3 8618 3262 7788 
3 8633 893 6432 
3 6953 1208 3721 
3 4487 4479 218 
3 7925 3744 3584 
3 7969 1221 5577 
3 9534 5391 2281 
3 3312 9575 2750 
3 9535 5313 4193 
3 9502 4088 5398 
3 3401 5972 5966 
3 5917 1836 1801 
3 5586 2554 7501 
3 1781 610 2987 
3 2711 2065 6180 
3 4932 8165 2722 
3 3927 7980 990 
3 1184 3445 6417 
3 7371 401 1646 
3 7388 9200 5370 
3 7898 9660 4894 
3 669 3862 3539 
3 1904 5104 8665 
3 7110 651 6586 
3 5064 6812 7675 
3 1899 5132 3076 
3 1292 8638 2184 
3 4428 5481 4544 
3 5599 3124 9770 
3 4538 3085 3929 
3 545 1716 2326 
3 5594 934 7502 
3 7289 9754 2947 
3 2464 8694 89 
3 4981 9882 7695 
3 9846 7672 1638 
3 7065 4529 9941 
3 3947 3216 2376 
3 3411 4628 9209 
3 6770 977 163 
3 8268 7902 9156 
3 7907 7043 2560 
3 6259 8842 8584 
3 8525 3521 1928 
3 1935 2173 144 
3 292 8015 8934 
3 3424 7664 1130 
3 4669 5511 757 
3 1683 3807 5345 
3 827 2087 249 
3 6405 3017 771 
3 1299 9356 3580 
3 5122 2050 6805 
3 4163 304 1138 
3 2057 6307 6973 
3 7744 9140 8732 
3 9670 894 7096 
3 6068 2463 930 
3 2835 2567 1469 
3 4833 6409 7177 
3 3115 207 2022 
3 6958 2480 6497 
3 1870 2990 7608 
3 1120 9089 8273 
3 6331 2011 7223 
3 7962 1331 4149 
3 7134 691 8709 
3 9860 7274 3941 
3 3313 199 4646 
3 316 8776 288 
3 3610 7014 5804 
3 8853 9785 5429 
3 4882 1209 4842 
3 618 241 4553 
3 157 7553 7640 
3 356 4392 6541 
3 7642 5192 4337 
3 3353 8886 2179 
3 9491 287 4948 
3 3541 6897 3186 
3 3893 3178 7878 
3 9152 8068 6301 
3 9179 9225 7216 
3 2564 728 5725 
3 865 8502 7544 
3 8298 6425 2227 
3 643 7163 8409 
3 5514 4226 4355 
3 108 9863 1277 
3 6213 5718 7546 
3 1841 2288 8870 
3 1971 6513 2805 
3 7229 9710 5329 
3 4714 616 5254 
3 7298 5206 8645 
3 1652 5182 7795 
3 4789 1958 2418 
3 1574 3006 4468 
3 3753 6904 5663 
3 1227 5060 9367 
3 8534 862 819 
3 6387 9406 9647 
3 5578 5550 7019 
3 9100 4143 9329 
3 2563 9617 5952 
3 9553 9172 6087 
3 5424 2841 9232 
3 425 5534 1809 
3 5848 5825 5658 
3 5741 9885 5612 
3 733 4598 784 
3 1495 8310 4634 
3 8740 7087 867 
3 8141 3536 6629 
3 9870 3798 186 
3 2239 3425 6814 
3 2163 8941 4508 
3 6796 3438 7948 
3 5611 5771 5958 
3 800 1479 1700 
3 7556 2201 5510 
3 8564 9423 5573 
3 4693 3712 3812 
3 7349 2318 7091 
3 1615 2435 1376 
3 9582 1563 6620 
3 9570 347 348 
3 2577 4791 769 
3 2344 9590 3208 
3 378 1661 2689 
3 9158 3209 226 
3 6484 789 719 
3 9314 8103 7333 
3 6748 6125 8771 
3 7434 6253 7365 
3 7441 1403 3917 
3 8321 383 9555 
3 4986 9876 4906 
3 7799 4726 1685 
3 8309 9862 4403 
3 189 4518 128 
3 4290 2152 1099 
3 9346 2470 4709 
3 8086 2012 7580 
3 8493 2451 8347 
3 4939 7140 7758 
3 4211 6692 6701 
3 349 7459 7060 
2 7835 1494 
2 1196 1788 
2 9819 1235 
2 7946 6917 
2 2586 1131 
2 7541 5409 
2 441 5294 
2 633 8064 
2 3213 5316 
2 5183 1949 
2 958 1909 
2 9205 415 
2 9954 1799 
2 9737 3784 
2 1180 1230 
2 831 1868 
2 203 1119 
2 863 1679 
2 3949 3860 
2 5379 1188 
2 8282 5343 
2 2356 3327 
2 4996 1993 
2 2550 9323 
2 703 2382 
2 8686 6456 
2 6457 8379 
2 8080 361 
2 2878 291 
2 1284 5148 
2 8960 3859 
2 6279 7479 
2 6843 5410 
2 5694 7507 
2 8406 7669 
2 4621 5779 
2 8875 7965 
2 8726 9372 
2 7807 8412 
2 9999 509 
2 1732 405 
2 2035 3247 
2 388 3821 
2 1611 935 
2 693 2384 
2 1323 782 
2 4 1335 
2 2483 1105 
2 1818 280 
2 2498 5051 
2 2378 9102 
2 8955 1074 
2 7753 7251 
2 6407 4734 
2 200 6233 
2 227 9663 
2 6085 258 
2 4254 3394 
2 8410 2324 
2 8985 2579 
2 4950 1133 
2 922 7307 
2 3787 1135 
2 8970 2789 
2 1046 8784 
2 1111 4633 
2 4632 5699 
2 5833 4330 
2 4664 4675 
2 268 4344 
2 9807 2373 
2 9742 6635 
2 9724 1029 
2 9636 2311 
2 4461 8523 
2 1553 2386 
2 5977 2541 
2 8791 662 
2 318 3639 
2 3922 7667 
2 1987 9604 
2 5356 9701 
2 4979 2942 
2 3389 3386 
2 8461 7791 
2 6500 6983 
2 811 2086 
2 376 2405 
2 983 3292 
2 5844 4107 
2 342 6158 
2 741 794 
2 173 8164 
2 9162 3385 
2 9644 5327 
2 8374 2715 
2 9632 8491 
2 8731 9533 
2 3199 9186 
2 7399 4371 
2 2676 4425 
2 2508 7322 
2 2030 2410 
2 3827 6434 
2 9148 9717 
2 491 8602 
2 6371 5005 
2 7092 9557 
2 5177 2883 
2 4273 5413 
2 9342 1918 
2 409 6254 
2 7627 7820 
2 8136 7706 
2 5885 7340 
2 872 4810 
2 5266 6420 
2 5187 1534 
2 8725 7992 
2 3008 3866 
2 3819 621 
2 1992 2825 
2 4220 8872 
2 6242 9773 
2 3756 6647 
2 4369 3799 
2 8857 2747 
2 4978 9977 
2 2934 69 
2 917 9609 
2 3794 1063 
2 7636 1329 
2 195 5073 
2 4651 1439 
2 5210 148 
2 5643 7712 
2 7069 7228 
2 5957 3267 
2 821 1969 
2 1206 7832 
2 4323 1415 
2 6678 1705 
2 984 1045 
2 3225 1897 
2 9282 5399 
2 3935 1554 
2 4435 483 
2 5265 7093 
2 508 9362 
2 7408 3227 
2 7393 6234 
2 5167 9327 
2 7938 5045 
2 4356 6174 
2 4260 9963 
2 1731 8879 
2 7165 4535 
2 8758 5883 
2 3058 2873 
2 6480 4103 
2 2884 901 
2 437 8728 
2 5853 7243 
2 6499 7736 
2 435 5840 
2 2172 1610 
2 8613 3620 
2 2166 4032 
2 2427 2503 
2 7547 7264 
2 7276 4237 
2 7033 5361 
2 312 652 
2 4214 605 
2 3466 3474 
2 5979 2803 
2 4807 9159 
2 5470 3144 
2 7097 4758 
2 2330 2500 
2 3636 9070 
2 9822 8395 
2 194 9787 
2 7172 6675 
2 179 4822 
2 8780 8778 
2 8770 6654 
2 1305 4860 
2 8142 9775 
2 4372 2425 
2 8507 6841 
2 5350 5340 
2 7416 4224 
2 7793 7588 
2 5508 8535 
2 6077 6901 
2 2996 7915 
2 1654 9011 
2 987 5745 
2 8570 111 
2 7059 1142 
2 8117 8311 
2 9749 8877 
2 7789 209 
2 9380 6853 
2 4972 4732 
2 7427 3082 
2 192 2769 
2 596 3530 
2 4890 6187 
2 2206 7639 
2 3476 4577 
2 118 2170 
2 9415 8786 
2 8144 2556 
2 184 4891 
2 3879 3984 
2 303 2520 
2 8114 8975 
2 4175 729 
2 3189 9931 
2 9571 7856 
2 9421 9264 
2 5107 9218 
2 7578 7086 
2 1614 5067 
2 7942 8224 
2 8417 6141 
2 3044 4285 
2 3777 8038 
2 6128 1728 
2 478 482 
2 4376 7098 
2 5279 5557 
2 1831 8961 
2 8361 7883 
2 8405 7561 
2 5983 230 
2 2812 2808 
2 3493 5906 
2 1517 6411 
2 8272 2974 
2 5696 1972 
2 8244 7590 
2 7741 1695 
2 4724 9436 
2 2485 6902 
2 3716 3717 
2 4523 3727 
2 6614 2512 
2 9556 121 
2 8135 5747 
2 5993 1485 
2 2771 8061 
2 6308 908 
2 6156 7075 
2 4952 274 
2 1350 5504 
2 9031 6559 
2 7187 7045 
2 8075 2098 
2 8002 8009 
2 1625 6177 
2 6720 8462 
2 6937 4232 
2 4699 7077 
2 781 7606 
2 9793 3685 
2 156 8530 
2 6833 2039 
2 6682 7847 
2 5483 7483 
2 4470 1496 
2 4899 1177 
2 8045 507 
2 4845 5870 
2 3635 2532 
2 424 574 
2 8880 1226 
2 4098 8220 
2 5213 8698 
2 8110 6265 
2 9736 61 
2 5617 4063 
2 7730 2110 
2 8011 2271 
2 833 256 
2 2272 5304 
2 1749 4333 
2 311 6428 
2 6429 8797 
2 2827 1937 
2 8500 1283 
2 6545 7864 
2 8561 9126 
2 5727 5533 
2 6607 2602 
2 7017 8542 
2 682 4876 
2 2657 1984 
2 2447 5783 
2 3307 8868 
2 9498 1634 
2 1501 5158 
2 9357 6026 
2 428 9457 
2 1917 866 
2 1753 4966 
2 1326 7533 
2 1804 4980 
2 5377 8159 
2 7550 9301 
2 4913 9686 
2 5023 5262 
2 3059 3053 
2 5260 7404 
2 7248 5938 
2 1696 7337 
2 5382 1513 
2 3023 795 
2 3108 6971 
2 81 4588 
2 8556 3690 
2 1171 4440 
2 7068 8635 
2 2231 2298 
2 4297 4427 
2 8494 1006 
2 4262 8190 
2 406 5480 
2 7682 8924 
2 5008 6075 
2 1166 803 
2 6293 7711 
2 8473 1622 
2 7367 8441 
2 7139 903 
2 6998 9007 
2 3268 8850 
2 4305 9910 
2 7929 3993 
2 1703 9521 
2 9296 2252 
2 5907 7830 
2 6539 7022 
2 959 7292 
2 6551 538 
2 7030 7833 
2 5754 1789 
2 3469 7138 
2 9932 2310 
2 5585 2583 
2 2673 8968 
2 1307 7067 
2 5910 3846 
2 2357 4591 
2 9823 182 
2 3361 4770 
2 6237 2393 
2 3266 6257 
2 7453 6021 
2 5632 1275 
2 6098 3205 
2 5472 7584 
2 7514 1932 
2 6617 1762 
2 8592 8555 
2 6412 2900 
2 3534 6393 
2 4019 9044 
2 7102 9042 
2 5900 3416 
2 9698 7281 
2 2645 3705 
2 4453 4793 
2 4060 668 
2 5693 7129 
2 5010 4893 
2 4851 7688 
2 2138 4830 
2 9577 1149 
2 4923 4843 
2 6859 3286 
2 6533 9548 
2 1191 7523 
2 5281 3963 
2 658 4048 
2 6848 1824 
2 6519 3154 
2 3854 6799 
2 603 5926 
2 4283 2385 
2 7574 921 
2 6643 9411 
2 9914 7658 
2 3994 9311 
2 3382 452 
2 3611 25 
2 8085 2026 
2 1878 4571 
2 3810 3803 
2 9297 224 
2 2961 6040 
2 341 4236 
2 1190 8541 
2 6961 5430 
2 9861 7985 
2 2664 2928 
2 6222 1770 
2 5640 5100 
2 275 8001 
2 3591 698 
2 9189 1612 
2 7000 3169 
2 4911 6454 
2 2899 2546 
2 7071 1775 
2 6923 319 
2 1302 7852 
2 468 54 
2 3454 5838 
2 9146 6862 
2 9059 5828 
2 238 6031 
2 6334 9270 
2 2153 526 
2 9204 3990 
2 9972 6185 
2 972 5538 
2 8231 4691 
2 2662 3696 
2 2709 3523 
2 7782 746 
2 27 659 
2 2280 3719 
2 8000 6592 
2 2656 9554 
2 5809 9101 
2 6119 6509 
2 8554 3619 
2 6195 7890 
2 4009 6290 
2 9229 886 
2 582 8334 
2 999 1873 
2 6850 7504 
2 3156 6199 
2 2038 7011 
2 1777 7488 
2 9720 8109 
2 5386 1316 
2 8034 5635 
2 1134 4209 
2 6772 6283 
2 9024 9933 
2 3413 5549 
2 8118 180 
2 3754 4525 
2 6491 6516 
2 6391 1667 
2 2525 412 
2 7261 4821 
2 9825 2980 
2 9400 4520 
2 4556 4034 
2 379 4581 
2 9150 4132 
2 1880 8344 
2 1725 3645 
2 4705 1087 
2 9336 573 
2 8508 5697 
2 8757 3843 
2 8098 3383 
2 8318 6163 
2 1237 8546 
2 1308 4174 
2 5949 6792 
2 2010 422 
2 5859 5257 
2 2154 7222 
2 5014 5227 
2 4252 2758 
2 5778 4987 
2 2431 9321 
2 4976 6631 
2 5049 154 
2 5406 1664 
2 3546 583 
2 5029 1401 
2 5153 1374 
2 9833 986 
2 9929 5466 
2 3628 7882 
2 7042 7005 
2 5342 2733 
2 7921 360 
2 9638 1964 
2 2706 5527 
2 9164 7183 
2 5539 3643 
2 2858 5108 
2 3340 8511 
2 5619 3201 
